TN:
SF:src/entity/product.ts
FN:1,<instance_members_initializer>
FN:6,Product
FN:14,changeName
FN:18,changePrice
FN:22,get name
FN:26,get price
FN:30,validate
FNF:7
FNH:7
FNDA:6,<instance_members_initializer>
FNDA:6,Product
FNDA:1,changeName
FNDA:1,changePrice
FNDA:1,get name
FNDA:1,get price
FNDA:6,validate
DA:1,1
DA:2,6
DA:3,6
DA:4,6
DA:5,6
DA:6,6
DA:7,6
DA:8,6
DA:9,6
DA:10,6
DA:11,6
DA:12,6
DA:13,6
DA:14,6
DA:15,1
DA:16,1
DA:17,6
DA:18,6
DA:19,1
DA:20,1
DA:21,6
DA:22,6
DA:23,1
DA:24,1
DA:25,6
DA:26,6
DA:27,1
DA:28,1
DA:29,6
DA:30,6
DA:31,6
DA:32,1
DA:33,1
DA:34,6
DA:35,1
DA:36,1
DA:37,6
DA:38,2
DA:39,2
DA:40,6
DA:41,6
LF:41
LH:41
BRDA:1,0,0,6
BRDA:6,1,0,6
BRDA:14,2,0,1
BRDA:18,3,0,1
BRDA:22,4,0,1
BRDA:26,5,0,1
BRDA:30,6,0,6
BRDA:31,7,0,1
BRDA:33,8,0,5
BRDA:34,9,0,1
BRDA:36,10,0,4
BRDA:37,11,0,2
BRF:12
BRH:12
end_of_record
