TN:
SF:src/entity/order.ts
FN:3,<instance_members_initializer>
FN:9,Order
FN:18,validate
FN:37,total
FNF:4
FNH:4
FNDA:2,<instance_members_initializer>
FNDA:2,Order
FNDA:2,validate
FNDA:4,total
DA:1,1
DA:2,1
DA:3,1
DA:4,2
DA:5,2
DA:6,2
DA:7,2
DA:8,2
DA:9,2
DA:10,2
DA:11,2
DA:12,2
DA:13,2
DA:14,2
DA:15,2
DA:16,2
DA:17,2
DA:18,2
DA:19,2
DA:20,0
DA:21,0
DA:22,2
DA:23,0
DA:24,0
DA:25,2
DA:26,0
DA:27,0
DA:28,0
DA:29,0
DA:30,2
DA:31,0
DA:32,0
DA:33,2
DA:34,2
DA:35,2
DA:36,2
DA:37,2
DA:38,4
DA:39,4
DA:40,2
LF:40
LH:30
BRDA:3,0,0,2
BRDA:9,1,0,2
BRDA:18,2,0,2
BRDA:19,3,0,0
BRDA:22,4,0,0
BRDA:25,5,0,0
BRDA:30,6,0,0
BRDA:30,7,0,2
BRDA:37,8,0,4
BRDA:38,9,0,4
BRF:10
BRH:6
end_of_record
TN:
SF:src/entity/order_item.ts
FN:1,<instance_members_initializer>
FN:8,OrderItem
FN:16,get price
FN:20,get quantity
FN:24,orderItemTotal
FNF:5
FNH:4
FNDA:2,<instance_members_initializer>
FNDA:2,OrderItem
FNDA:0,get price
FNDA:2,get quantity
FNDA:4,orderItemTotal
DA:1,1
DA:2,2
DA:3,2
DA:4,2
DA:5,2
DA:6,2
DA:7,2
DA:8,2
DA:9,2
DA:10,2
DA:11,2
DA:12,2
DA:13,2
DA:14,2
DA:15,2
DA:16,2
DA:17,0
DA:18,0
DA:19,2
DA:20,2
DA:21,2
DA:22,2
DA:23,2
DA:24,2
DA:25,4
DA:26,4
DA:27,2
LF:27
LH:25
BRDA:1,0,0,2
BRDA:8,1,0,2
BRDA:20,2,0,2
BRDA:24,3,0,4
BRF:4
BRH:4
end_of_record
TN:
SF:src/service/order.service.ts
FN:4,total
FNF:1
FNH:1
FNDA:1,total
DA:1,1
DA:2,1
DA:3,1
DA:4,1
DA:5,1
DA:6,1
DA:7,1
LF:7
LH:7
BRDA:4,0,0,1
BRDA:5,1,0,2
BRF:2
BRH:2
end_of_record
